<?xml version="1.0" encoding="utf-8"?>
<CoverageSession xmlns:xsd="http://www.w3.org/2001/XMLSchema" xmlns:xsi="http://www.w3.org/2001/XMLSchema-instance">
  <Summary numSequencePoints="58" visitedSequencePoints="46" numBranchPoints="51" visitedBranchPoints="42" sequenceCoverage="79.31" branchCoverage="82.35" maxCyclomaticComplexity="13" minCyclomaticComplexity="1" />
  <Modules>
    <Module hash="1A-60-CE-92-4A-79-B5-89-80-56-2F-2D-C6-53-58-8E-84-80-A9-33">
      <Summary numSequencePoints="58" visitedSequencePoints="46" numBranchPoints="51" visitedBranchPoints="42" sequenceCoverage="79.31" branchCoverage="82.35" maxCyclomaticComplexity="13" minCyclomaticComplexity="1" />
      <FullName>C:\Users\PC\Documents\Visual Studio 2013\Projects\RuleEngine\RuleEngine.Tests\bin\Release\RuleEngine.dll</FullName>
      <ModuleName>RuleEngine</ModuleName>
      <Files>
        <File uid="1" fullPath="c:\Users\PC\Documents\Visual Studio 2013\Projects\RuleEngine\RuleEngine\Condition.cs" />
        <File uid="2" fullPath="c:\Users\PC\Documents\Visual Studio 2013\Projects\RuleEngine\RuleEngine\ConditionNode.cs" />
        <File uid="3" fullPath="c:\Users\PC\Documents\Visual Studio 2013\Projects\RuleEngine\RuleEngine\ConditionTree.cs" />
        <File uid="4" fullPath="c:\Users\PC\Documents\Visual Studio 2013\Projects\RuleEngine\RuleEngine\InconclusiveConditionException.cs" />
      </Files>
      <Classes>
        <Class>
          <Summary numSequencePoints="15" visitedSequencePoints="14" numBranchPoints="10" visitedBranchPoints="9" sequenceCoverage="93.33" branchCoverage="90" maxCyclomaticComplexity="8" minCyclomaticComplexity="1" />
          <FullName>RuleEngine.Condition`1</FullName>
          <Methods>
            <Method visited="true" cyclomaticComplexity="1" sequenceCoverage="0" branchCoverage="0" isConstructor="false" isStatic="false" isGetter="true" isSetter="false">
              <Summary numSequencePoints="0" visitedSequencePoints="0" numBranchPoints="0" visitedBranchPoints="0" sequenceCoverage="0" branchCoverage="0" maxCyclomaticComplexity="1" minCyclomaticComplexity="1" />
              <MetadataToken>100663298</MetadataToken>
              <Name>T RuleEngine.Condition`1::get_LeftOperand()</Name>
              <SequencePoints />
              <BranchPoints />
              <MethodPoint vc="137" uspid="1" ordinal="0" offset="0" />
            </Method>
            <Method visited="true" cyclomaticComplexity="1" sequenceCoverage="0" branchCoverage="0" isConstructor="false" isStatic="false" isGetter="false" isSetter="true">
              <Summary numSequencePoints="0" visitedSequencePoints="0" numBranchPoints="0" visitedBranchPoints="0" sequenceCoverage="0" branchCoverage="0" maxCyclomaticComplexity="1" minCyclomaticComplexity="1" />
              <MetadataToken>100663299</MetadataToken>
              <Name>System.Void RuleEngine.Condition`1::set_LeftOperand(T)</Name>
              <SequencePoints />
              <BranchPoints />
              <MethodPoint vc="92" uspid="2" ordinal="0" offset="0" />
            </Method>
            <Method visited="true" cyclomaticComplexity="1" sequenceCoverage="0" branchCoverage="0" isConstructor="false" isStatic="false" isGetter="true" isSetter="false">
              <Summary numSequencePoints="0" visitedSequencePoints="0" numBranchPoints="0" visitedBranchPoints="0" sequenceCoverage="0" branchCoverage="0" maxCyclomaticComplexity="1" minCyclomaticComplexity="1" />
              <MetadataToken>100663300</MetadataToken>
              <Name>RuleEngine.Operator RuleEngine.Condition`1::get_Operator()</Name>
              <SequencePoints />
              <BranchPoints />
              <MethodPoint vc="137" uspid="3" ordinal="0" offset="0" />
            </Method>
            <Method visited="true" cyclomaticComplexity="1" sequenceCoverage="0" branchCoverage="0" isConstructor="false" isStatic="false" isGetter="false" isSetter="true">
              <Summary numSequencePoints="0" visitedSequencePoints="0" numBranchPoints="0" visitedBranchPoints="0" sequenceCoverage="0" branchCoverage="0" maxCyclomaticComplexity="1" minCyclomaticComplexity="1" />
              <MetadataToken>100663301</MetadataToken>
              <Name>System.Void RuleEngine.Condition`1::set_Operator(RuleEngine.Operator)</Name>
              <SequencePoints />
              <BranchPoints />
              <MethodPoint vc="92" uspid="4" ordinal="0" offset="0" />
            </Method>
            <Method visited="true" cyclomaticComplexity="1" sequenceCoverage="0" branchCoverage="0" isConstructor="false" isStatic="false" isGetter="true" isSetter="false">
              <Summary numSequencePoints="0" visitedSequencePoints="0" numBranchPoints="0" visitedBranchPoints="0" sequenceCoverage="0" branchCoverage="0" maxCyclomaticComplexity="1" minCyclomaticComplexity="1" />
              <MetadataToken>100663302</MetadataToken>
              <Name>T RuleEngine.Condition`1::get_RightOperand()</Name>
              <SequencePoints />
              <BranchPoints />
              <MethodPoint vc="137" uspid="5" ordinal="0" offset="0" />
            </Method>
            <Method visited="true" cyclomaticComplexity="1" sequenceCoverage="0" branchCoverage="0" isConstructor="false" isStatic="false" isGetter="false" isSetter="true">
              <Summary numSequencePoints="0" visitedSequencePoints="0" numBranchPoints="0" visitedBranchPoints="0" sequenceCoverage="0" branchCoverage="0" maxCyclomaticComplexity="1" minCyclomaticComplexity="1" />
              <MetadataToken>100663303</MetadataToken>
              <Name>System.Void RuleEngine.Condition`1::set_RightOperand(T)</Name>
              <SequencePoints />
              <BranchPoints />
              <MethodPoint vc="92" uspid="6" ordinal="0" offset="0" />
            </Method>
            <Method visited="true" cyclomaticComplexity="1" sequenceCoverage="100" branchCoverage="100" isConstructor="true" isStatic="false" isGetter="false" isSetter="false">
              <Summary numSequencePoints="5" visitedSequencePoints="5" numBranchPoints="1" visitedBranchPoints="1" sequenceCoverage="100" branchCoverage="100" maxCyclomaticComplexity="1" minCyclomaticComplexity="1" />
              <MetadataToken>100663304</MetadataToken>
              <Name>System.Void RuleEngine.Condition`1::.ctor(T,RuleEngine.Operator,T)</Name>
              <FileRef uid="1" />
              <SequencePoints>
                <SequencePoint vc="92" uspid="7" ordinal="0" offset="0" sl="15" sc="9" el="15" ec="84" bec="0" bev="0" fileid="1" />
                <SequencePoint vc="92" uspid="8" ordinal="1" offset="6" sl="17" sc="13" el="17" ec="44" bec="0" bev="0" fileid="1" />
                <SequencePoint vc="92" uspid="9" ordinal="2" offset="13" sl="18" sc="13" el="18" ec="47" bec="0" bev="0" fileid="1" />
                <SequencePoint vc="92" uspid="10" ordinal="3" offset="20" sl="19" sc="13" el="19" ec="46" bec="0" bev="0" fileid="1" />
                <SequencePoint vc="92" uspid="11" ordinal="4" offset="27" sl="20" sc="9" el="20" ec="10" bec="0" bev="0" fileid="1" />
              </SequencePoints>
              <BranchPoints />
              <MethodPoint xsi:type="SequencePoint" vc="92" uspid="7" ordinal="0" offset="0" sl="15" sc="9" el="15" ec="84" bec="0" bev="0" fileid="1" />
            </Method>
            <Method visited="true" cyclomaticComplexity="8" sequenceCoverage="88.89" branchCoverage="87.5" isConstructor="false" isStatic="false" isGetter="false" isSetter="false">
              <Summary numSequencePoints="9" visitedSequencePoints="8" numBranchPoints="8" visitedBranchPoints="7" sequenceCoverage="88.89" branchCoverage="87.5" maxCyclomaticComplexity="8" minCyclomaticComplexity="8" />
              <MetadataToken>100663305</MetadataToken>
              <Name>System.Boolean RuleEngine.Condition`1::IsTrue()</Name>
              <FileRef uid="1" />
              <SequencePoints>
                <SequencePoint vc="64" uspid="12" ordinal="0" offset="0" sl="25" sc="13" el="25" ec="82" bec="0" bev="0" fileid="1" />
                <SequencePoint vc="64" uspid="13" ordinal="1" offset="27" sl="27" sc="13" el="27" ec="35" bec="7" bev="6" fileid="1" />
                <SequencePoint vc="55" uspid="14" ordinal="2" offset="66" sl="30" sc="21" el="30" ec="50" bec="0" bev="0" fileid="1" />
                <SequencePoint vc="1" uspid="15" ordinal="3" offset="71" sl="32" sc="21" el="32" ec="50" bec="0" bev="0" fileid="1" />
                <SequencePoint vc="4" uspid="16" ordinal="4" offset="79" sl="34" sc="21" el="34" ec="49" bec="0" bev="0" fileid="1" />
                <SequencePoint vc="1" uspid="17" ordinal="5" offset="84" sl="36" sc="21" el="36" ec="49" bec="0" bev="0" fileid="1" />
                <SequencePoint vc="1" uspid="18" ordinal="6" offset="89" sl="38" sc="21" el="38" ec="50" bec="0" bev="0" fileid="1" />
                <SequencePoint vc="2" uspid="19" ordinal="7" offset="97" sl="40" sc="21" el="40" ec="50" bec="0" bev="0" fileid="1" />
                <SequencePoint vc="0" uspid="20" ordinal="8" offset="105" sl="42" sc="21" el="42" ec="55" bec="0" bev="0" fileid="1" />
              </SequencePoints>
              <BranchPoints>
                <BranchPoint vc="0" uspid="21" ordinal="0" offset="35" sl="27" path="0" offsetchain="64" offsetend="105" fileid="1" />
                <BranchPoint vc="55" uspid="22" ordinal="1" offset="35" sl="27" path="1" offsetend="66" fileid="1" />
                <BranchPoint vc="1" uspid="23" ordinal="2" offset="35" sl="27" path="2" offsetend="71" fileid="1" />
                <BranchPoint vc="4" uspid="24" ordinal="3" offset="35" sl="27" path="3" offsetend="79" fileid="1" />
                <BranchPoint vc="1" uspid="25" ordinal="4" offset="35" sl="27" path="4" offsetend="84" fileid="1" />
                <BranchPoint vc="1" uspid="26" ordinal="5" offset="35" sl="27" path="5" offsetend="89" fileid="1" />
                <BranchPoint vc="2" uspid="27" ordinal="6" offset="35" sl="27" path="6" offsetend="97" fileid="1" />
              </BranchPoints>
              <MethodPoint xsi:type="SequencePoint" vc="64" uspid="12" ordinal="0" offset="0" sl="25" sc="13" el="25" ec="82" bec="0" bev="0" fileid="1" />
            </Method>
            <Method visited="true" cyclomaticComplexity="1" sequenceCoverage="100" branchCoverage="100" isConstructor="false" isStatic="false" isGetter="false" isSetter="false">
              <Summary numSequencePoints="1" visitedSequencePoints="1" numBranchPoints="1" visitedBranchPoints="1" sequenceCoverage="100" branchCoverage="100" maxCyclomaticComplexity="1" minCyclomaticComplexity="1" />
              <MetadataToken>100663306</MetadataToken>
              <Name>System.String RuleEngine.Condition`1::ToString()</Name>
              <FileRef uid="1" />
              <SequencePoints>
                <SequencePoint vc="73" uspid="28" ordinal="0" offset="0" sl="48" sc="13" el="54" ec="22" bec="0" bev="0" fileid="1" />
              </SequencePoints>
              <BranchPoints />
              <MethodPoint xsi:type="SequencePoint" vc="73" uspid="28" ordinal="0" offset="0" sl="48" sc="13" el="54" ec="22" bec="0" bev="0" fileid="1" />
            </Method>
          </Methods>
        </Class>
        <Class>
          <Summary numSequencePoints="31" visitedSequencePoints="28" numBranchPoints="35" visitedBranchPoints="31" sequenceCoverage="90.32" branchCoverage="88.57" maxCyclomaticComplexity="13" minCyclomaticComplexity="1" />
          <FullName>RuleEngine.ConditionNode</FullName>
          <Methods>
            <Method visited="true" cyclomaticComplexity="1" sequenceCoverage="0" branchCoverage="0" isConstructor="false" isStatic="false" isGetter="true" isSetter="false">
              <Summary numSequencePoints="0" visitedSequencePoints="0" numBranchPoints="0" visitedBranchPoints="0" sequenceCoverage="0" branchCoverage="0" maxCyclomaticComplexity="1" minCyclomaticComplexity="1" />
              <MetadataToken>100663307</MetadataToken>
              <Name>RuleEngine.ConditionNode RuleEngine.ConditionNode::get_ParentNode()</Name>
              <SequencePoints />
              <BranchPoints />
              <MethodPoint vc="71" uspid="29" ordinal="0" offset="0" />
            </Method>
            <Method visited="true" cyclomaticComplexity="1" sequenceCoverage="0" branchCoverage="0" isConstructor="false" isStatic="false" isGetter="false" isSetter="true">
              <Summary numSequencePoints="0" visitedSequencePoints="0" numBranchPoints="0" visitedBranchPoints="0" sequenceCoverage="0" branchCoverage="0" maxCyclomaticComplexity="1" minCyclomaticComplexity="1" />
              <MetadataToken>100663308</MetadataToken>
              <Name>System.Void RuleEngine.ConditionNode::set_ParentNode(RuleEngine.ConditionNode)</Name>
              <SequencePoints />
              <BranchPoints />
              <MethodPoint vc="37" uspid="30" ordinal="0" offset="0" />
            </Method>
            <Method visited="true" cyclomaticComplexity="1" sequenceCoverage="0" branchCoverage="0" isConstructor="false" isStatic="false" isGetter="true" isSetter="false">
              <Summary numSequencePoints="0" visitedSequencePoints="0" numBranchPoints="0" visitedBranchPoints="0" sequenceCoverage="0" branchCoverage="0" maxCyclomaticComplexity="1" minCyclomaticComplexity="1" />
              <MetadataToken>100663309</MetadataToken>
              <Name>System.Nullable`1&lt;RuleEngine.Association&gt; RuleEngine.ConditionNode::get_Association()</Name>
              <SequencePoints />
              <BranchPoints />
              <MethodPoint vc="209" uspid="31" ordinal="0" offset="0" />
            </Method>
            <Method visited="true" cyclomaticComplexity="1" sequenceCoverage="0" branchCoverage="0" isConstructor="false" isStatic="false" isGetter="false" isSetter="true">
              <Summary numSequencePoints="0" visitedSequencePoints="0" numBranchPoints="0" visitedBranchPoints="0" sequenceCoverage="0" branchCoverage="0" maxCyclomaticComplexity="1" minCyclomaticComplexity="1" />
              <MetadataToken>100663310</MetadataToken>
              <Name>System.Void RuleEngine.ConditionNode::set_Association(System.Nullable`1&lt;RuleEngine.Association&gt;)</Name>
              <SequencePoints />
              <BranchPoints />
              <MethodPoint vc="61" uspid="32" ordinal="0" offset="0" />
            </Method>
            <Method visited="true" cyclomaticComplexity="1" sequenceCoverage="100" branchCoverage="100" isConstructor="false" isStatic="false" isGetter="true" isSetter="false">
              <Summary numSequencePoints="1" visitedSequencePoints="1" numBranchPoints="1" visitedBranchPoints="1" sequenceCoverage="100" branchCoverage="100" maxCyclomaticComplexity="1" minCyclomaticComplexity="1" />
              <MetadataToken>100663311</MetadataToken>
              <Name>RuleEngine.ICondition RuleEngine.ConditionNode::get_LeftCondition()</Name>
              <FileRef uid="2" />
              <SequencePoints>
                <SequencePoint vc="267" uspid="33" ordinal="0" offset="0" sl="30" sc="19" el="30" ec="46" bec="0" bev="0" fileid="2" />
              </SequencePoints>
              <BranchPoints />
              <MethodPoint xsi:type="SequencePoint" vc="267" uspid="33" ordinal="0" offset="0" sl="30" sc="19" el="30" ec="46" bec="0" bev="0" fileid="2" />
            </Method>
            <Method visited="true" cyclomaticComplexity="2" sequenceCoverage="100" branchCoverage="100" isConstructor="false" isStatic="false" isGetter="false" isSetter="true">
              <Summary numSequencePoints="5" visitedSequencePoints="5" numBranchPoints="3" visitedBranchPoints="3" sequenceCoverage="100" branchCoverage="100" maxCyclomaticComplexity="2" minCyclomaticComplexity="2" />
              <MetadataToken>100663312</MetadataToken>
              <Name>System.Void RuleEngine.ConditionNode::set_LeftCondition(RuleEngine.ICondition)</Name>
              <FileRef uid="2" />
              <SequencePoints>
                <SequencePoint vc="63" uspid="34" ordinal="0" offset="0" sl="33" sc="17" el="33" ec="45" bec="0" bev="0" fileid="2" />
                <SequencePoint vc="63" uspid="35" ordinal="1" offset="7" sl="35" sc="17" el="35" ec="51" bec="0" bev="0" fileid="2" />
                <SequencePoint vc="63" uspid="36" ordinal="2" offset="14" sl="36" sc="17" el="36" ec="34" bec="2" bev="2" fileid="2" />
                <SequencePoint vc="18" uspid="37" ordinal="3" offset="17" sl="37" sc="21" el="37" ec="44" bec="0" bev="0" fileid="2" />
                <SequencePoint vc="63" uspid="38" ordinal="4" offset="24" sl="38" sc="13" el="38" ec="14" bec="0" bev="0" fileid="2" />
              </SequencePoints>
              <BranchPoints>
                <BranchPoint vc="18" uspid="39" ordinal="0" offset="15" sl="36" path="0" offsetend="17" fileid="2" />
                <BranchPoint vc="45" uspid="40" ordinal="1" offset="15" sl="36" path="1" offsetend="24" fileid="2" />
              </BranchPoints>
              <MethodPoint xsi:type="SequencePoint" vc="63" uspid="34" ordinal="0" offset="0" sl="33" sc="17" el="33" ec="45" bec="0" bev="0" fileid="2" />
            </Method>
            <Method visited="true" cyclomaticComplexity="1" sequenceCoverage="100" branchCoverage="100" isConstructor="false" isStatic="false" isGetter="true" isSetter="false">
              <Summary numSequencePoints="1" visitedSequencePoints="1" numBranchPoints="1" visitedBranchPoints="1" sequenceCoverage="100" branchCoverage="100" maxCyclomaticComplexity="1" minCyclomaticComplexity="1" />
              <MetadataToken>100663313</MetadataToken>
              <Name>RuleEngine.ICondition RuleEngine.ConditionNode::get_RightCondition()</Name>
              <FileRef uid="2" />
              <SequencePoints>
                <SequencePoint vc="214" uspid="41" ordinal="0" offset="0" sl="47" sc="19" el="47" ec="47" bec="0" bev="0" fileid="2" />
              </SequencePoints>
              <BranchPoints />
              <MethodPoint xsi:type="SequencePoint" vc="214" uspid="41" ordinal="0" offset="0" sl="47" sc="19" el="47" ec="47" bec="0" bev="0" fileid="2" />
            </Method>
            <Method visited="true" cyclomaticComplexity="2" sequenceCoverage="100" branchCoverage="100" isConstructor="false" isStatic="false" isGetter="false" isSetter="true">
              <Summary numSequencePoints="5" visitedSequencePoints="5" numBranchPoints="3" visitedBranchPoints="3" sequenceCoverage="100" branchCoverage="100" maxCyclomaticComplexity="2" minCyclomaticComplexity="2" />
              <MetadataToken>100663314</MetadataToken>
              <Name>System.Void RuleEngine.ConditionNode::set_RightCondition(RuleEngine.ICondition)</Name>
              <FileRef uid="2" />
              <SequencePoints>
                <SequencePoint vc="74" uspid="42" ordinal="0" offset="0" sl="50" sc="17" el="50" ec="46" bec="0" bev="0" fileid="2" />
                <SequencePoint vc="74" uspid="43" ordinal="1" offset="7" sl="52" sc="17" el="52" ec="51" bec="0" bev="0" fileid="2" />
                <SequencePoint vc="74" uspid="44" ordinal="2" offset="14" sl="53" sc="17" el="53" ec="34" bec="2" bev="2" fileid="2" />
                <SequencePoint vc="19" uspid="45" ordinal="3" offset="17" sl="54" sc="21" el="54" ec="44" bec="0" bev="0" fileid="2" />
                <SequencePoint vc="74" uspid="46" ordinal="4" offset="24" sl="55" sc="13" el="55" ec="14" bec="0" bev="0" fileid="2" />
              </SequencePoints>
              <BranchPoints>
                <BranchPoint vc="19" uspid="47" ordinal="0" offset="15" sl="53" path="0" offsetend="17" fileid="2" />
                <BranchPoint vc="55" uspid="48" ordinal="1" offset="15" sl="53" path="1" offsetend="24" fileid="2" />
              </BranchPoints>
              <MethodPoint xsi:type="SequencePoint" vc="74" uspid="42" ordinal="0" offset="0" sl="50" sc="17" el="50" ec="46" bec="0" bev="0" fileid="2" />
            </Method>
            <Method visited="true" cyclomaticComplexity="13" sequenceCoverage="85.71" branchCoverage="86.36" isConstructor="false" isStatic="false" isGetter="false" isSetter="false">
              <Summary numSequencePoints="14" visitedSequencePoints="12" numBranchPoints="22" visitedBranchPoints="19" sequenceCoverage="85.71" branchCoverage="86.36" maxCyclomaticComplexity="13" minCyclomaticComplexity="13" />
              <MetadataToken>100663315</MetadataToken>
              <Name>System.Boolean RuleEngine.ConditionNode::IsTrue()</Name>
              <FileRef uid="2" />
              <SequencePoints>
                <SequencePoint vc="54" uspid="49" ordinal="0" offset="0" sl="60" sc="13" el="60" ec="44" bec="2" bev="2" fileid="2" />
                <SequencePoint vc="3" uspid="50" ordinal="1" offset="16" sl="62" sc="17" el="62" ec="79" bec="3" bev="3" fileid="2" />
                <SequencePoint vc="1" uspid="51" ordinal="2" offset="32" sl="63" sc="21" el="63" ec="145" bec="0" bev="0" fileid="2" />
                <SequencePoint vc="2" uspid="52" ordinal="3" offset="43" sl="64" sc="22" el="64" ec="53" bec="2" bev="2" fileid="2" />
                <SequencePoint vc="1" uspid="53" ordinal="4" offset="51" sl="65" sc="21" el="65" ec="56" bec="0" bev="0" fileid="2" />
                <SequencePoint vc="1" uspid="54" ordinal="5" offset="63" sl="66" sc="22" el="66" ec="54" bec="2" bev="1" fileid="2" />
                <SequencePoint vc="0" uspid="55" ordinal="6" offset="71" sl="67" sc="21" el="67" ec="57" bec="0" bev="0" fileid="2" />
                <SequencePoint vc="1" uspid="56" ordinal="7" offset="83" sl="69" sc="21" el="69" ec="104" bec="0" bev="0" fileid="2" />
                <SequencePoint vc="51" uspid="57" ordinal="8" offset="94" sl="73" sc="17" el="73" ec="79" bec="3" bev="3" fileid="2" />
                <SequencePoint vc="1" uspid="58" ordinal="9" offset="110" sl="74" sc="21" el="74" ec="137" bec="0" bev="0" fileid="2" />
                <SequencePoint vc="50" uspid="59" ordinal="10" offset="121" sl="76" sc="17" el="76" ec="48" bec="3" bev="2" fileid="2" />
                <SequencePoint vc="21" uspid="60" ordinal="11" offset="154" sl="79" sc="25" el="79" ec="92" bec="2" bev="2" fileid="2" />
                <SequencePoint vc="29" uspid="61" ordinal="12" offset="181" sl="81" sc="25" el="81" ec="92" bec="2" bev="2" fileid="2" />
                <SequencePoint vc="0" uspid="62" ordinal="13" offset="208" sl="83" sc="25" el="83" ec="59" bec="0" bev="0" fileid="2" />
              </SequencePoints>
              <BranchPoints>
                <BranchPoint vc="3" uspid="63" ordinal="0" offset="14" sl="60" path="0" offsetend="16" fileid="2" />
                <BranchPoint vc="51" uspid="64" ordinal="1" offset="14" sl="60" path="1" offsetend="94" fileid="2" />
                <BranchPoint vc="2" uspid="65" ordinal="2" offset="22" sl="62" path="0" offsetend="24" fileid="2" />
                <BranchPoint vc="2" uspid="66" ordinal="3" offset="22" sl="62" path="1" offsetend="43" fileid="2" />
                <BranchPoint vc="1" uspid="67" ordinal="4" offset="30" sl="62" path="0" offsetend="32" fileid="2" />
                <BranchPoint vc="1" uspid="68" ordinal="5" offset="30" sl="62" path="1" offsetend="43" fileid="2" />
                <BranchPoint vc="1" uspid="69" ordinal="6" offset="49" sl="64" path="0" offsetend="51" fileid="2" />
                <BranchPoint vc="1" uspid="70" ordinal="7" offset="49" sl="64" path="1" offsetend="63" fileid="2" />
                <BranchPoint vc="0" uspid="71" ordinal="8" offset="69" sl="66" path="0" offsetend="71" fileid="2" />
                <BranchPoint vc="1" uspid="72" ordinal="9" offset="69" sl="66" path="1" offsetend="83" fileid="2" />
                <BranchPoint vc="50" uspid="73" ordinal="10" offset="100" sl="73" path="0" offsetend="102" fileid="2" />
                <BranchPoint vc="1" uspid="74" ordinal="11" offset="100" sl="73" path="1" offsetend="110" fileid="2" />
                <BranchPoint vc="0" uspid="75" ordinal="12" offset="108" sl="73" path="0" offsetend="110" fileid="2" />
                <BranchPoint vc="50" uspid="76" ordinal="13" offset="108" sl="73" path="1" offsetend="121" fileid="2" />
                <BranchPoint vc="0" uspid="77" ordinal="14" offset="139" sl="76" path="0" offsetchain="152" offsetend="208" fileid="2" />
                <BranchPoint vc="21" uspid="78" ordinal="15" offset="139" sl="76" path="1" offsetend="154" fileid="2" />
                <BranchPoint vc="29" uspid="79" ordinal="16" offset="139" sl="76" path="2" offsetend="181" fileid="2" />
                <BranchPoint vc="15" uspid="80" ordinal="17" offset="165" sl="79" path="0" offsetend="167" fileid="2" />
                <BranchPoint vc="6" uspid="81" ordinal="18" offset="165" sl="79" path="1" offsetend="179" fileid="2" />
                <BranchPoint vc="17" uspid="82" ordinal="19" offset="192" sl="81" path="0" offsetend="194" fileid="2" />
                <BranchPoint vc="12" uspid="83" ordinal="20" offset="192" sl="81" path="1" offsetend="206" fileid="2" />
              </BranchPoints>
              <MethodPoint xsi:type="SequencePoint" vc="54" uspid="49" ordinal="0" offset="0" sl="60" sc="13" el="60" ec="44" bec="2" bev="2" fileid="2" />
            </Method>
            <Method visited="true" cyclomaticComplexity="3" sequenceCoverage="80" branchCoverage="80" isConstructor="false" isStatic="false" isGetter="false" isSetter="false">
              <Summary numSequencePoints="5" visitedSequencePoints="4" numBranchPoints="5" visitedBranchPoints="4" sequenceCoverage="80" branchCoverage="80" maxCyclomaticComplexity="3" minCyclomaticComplexity="3" />
              <MetadataToken>100663316</MetadataToken>
              <Name>System.String RuleEngine.ConditionNode::ToString()</Name>
              <FileRef uid="2" />
              <SequencePoints>
                <SequencePoint vc="53" uspid="84" ordinal="0" offset="0" sl="91" sc="13" el="91" ec="44" bec="2" bev="2" fileid="2" />
                <SequencePoint vc="1" uspid="85" ordinal="1" offset="16" sl="93" sc="17" el="93" ec="49" bec="2" bev="1" fileid="2" />
                <SequencePoint vc="1" uspid="86" ordinal="2" offset="24" sl="94" sc="21" el="98" ec="23" bec="0" bev="0" fileid="2" />
                <SequencePoint vc="0" uspid="87" ordinal="3" offset="41" sl="100" sc="21" el="105" ec="23" bec="0" bev="0" fileid="2" />
                <SequencePoint vc="52" uspid="88" ordinal="4" offset="64" sl="109" sc="17" el="115" ec="19" bec="0" bev="0" fileid="2" />
              </SequencePoints>
              <BranchPoints>
                <BranchPoint vc="1" uspid="89" ordinal="0" offset="14" sl="91" path="0" offsetend="16" fileid="2" />
                <BranchPoint vc="52" uspid="90" ordinal="1" offset="14" sl="91" path="1" offsetend="64" fileid="2" />
                <BranchPoint vc="1" uspid="91" ordinal="2" offset="22" sl="93" path="0" offsetend="24" fileid="2" />
                <BranchPoint vc="0" uspid="92" ordinal="3" offset="22" sl="93" path="1" offsetend="41" fileid="2" />
              </BranchPoints>
              <MethodPoint xsi:type="SequencePoint" vc="53" uspid="84" ordinal="0" offset="0" sl="91" sc="13" el="91" ec="44" bec="2" bev="2" fileid="2" />
            </Method>
            <Method visited="true" cyclomaticComplexity="1" sequenceCoverage="0" branchCoverage="0" isConstructor="true" isStatic="false" isGetter="false" isSetter="false">
              <Summary numSequencePoints="0" visitedSequencePoints="0" numBranchPoints="0" visitedBranchPoints="0" sequenceCoverage="0" branchCoverage="0" maxCyclomaticComplexity="1" minCyclomaticComplexity="1" />
              <MetadataToken>100663317</MetadataToken>
              <Name>System.Void RuleEngine.ConditionNode::.ctor()</Name>
              <SequencePoints />
              <BranchPoints />
              <MethodPoint vc="66" uspid="93" ordinal="0" offset="0" />
            </Method>
          </Methods>
        </Class>
        <Class>
          <Summary numSequencePoints="4" visitedSequencePoints="4" numBranchPoints="2" visitedBranchPoints="2" sequenceCoverage="100" branchCoverage="100" maxCyclomaticComplexity="1" minCyclomaticComplexity="1" />
          <FullName>RuleEngine.ConditionTree</FullName>
          <Methods>
            <Method visited="true" cyclomaticComplexity="1" sequenceCoverage="0" branchCoverage="0" isConstructor="false" isStatic="false" isGetter="true" isSetter="false">
              <Summary numSequencePoints="0" visitedSequencePoints="0" numBranchPoints="0" visitedBranchPoints="0" sequenceCoverage="0" branchCoverage="0" maxCyclomaticComplexity="1" minCyclomaticComplexity="1" />
              <MetadataToken>100663318</MetadataToken>
              <Name>RuleEngine.ICondition RuleEngine.ConditionTree::get_Root()</Name>
              <SequencePoints />
              <BranchPoints />
              <MethodPoint vc="45" uspid="94" ordinal="0" offset="0" />
            </Method>
            <Method visited="true" cyclomaticComplexity="1" sequenceCoverage="0" branchCoverage="0" isConstructor="false" isStatic="false" isGetter="false" isSetter="true">
              <Summary numSequencePoints="0" visitedSequencePoints="0" numBranchPoints="0" visitedBranchPoints="0" sequenceCoverage="0" branchCoverage="0" maxCyclomaticComplexity="1" minCyclomaticComplexity="1" />
              <MetadataToken>100663319</MetadataToken>
              <Name>System.Void RuleEngine.ConditionTree::set_Root(RuleEngine.ICondition)</Name>
              <SequencePoints />
              <BranchPoints />
              <MethodPoint vc="24" uspid="95" ordinal="0" offset="0" />
            </Method>
            <Method visited="true" cyclomaticComplexity="1" sequenceCoverage="100" branchCoverage="100" isConstructor="true" isStatic="false" isGetter="false" isSetter="false">
              <Summary numSequencePoints="3" visitedSequencePoints="3" numBranchPoints="1" visitedBranchPoints="1" sequenceCoverage="100" branchCoverage="100" maxCyclomaticComplexity="1" minCyclomaticComplexity="1" />
              <MetadataToken>100663320</MetadataToken>
              <Name>System.Void RuleEngine.ConditionTree::.ctor(RuleEngine.ConditionNode)</Name>
              <FileRef uid="3" />
              <SequencePoints>
                <SequencePoint vc="24" uspid="96" ordinal="0" offset="0" sl="12" sc="9" el="12" ec="49" bec="0" bev="0" fileid="3" />
                <SequencePoint vc="24" uspid="97" ordinal="1" offset="6" sl="14" sc="13" el="14" ec="30" bec="0" bev="0" fileid="3" />
                <SequencePoint vc="24" uspid="98" ordinal="2" offset="13" sl="15" sc="9" el="15" ec="10" bec="0" bev="0" fileid="3" />
              </SequencePoints>
              <BranchPoints />
              <MethodPoint xsi:type="SequencePoint" vc="24" uspid="96" ordinal="0" offset="0" sl="12" sc="9" el="12" ec="49" bec="0" bev="0" fileid="3" />
            </Method>
            <Method visited="true" cyclomaticComplexity="1" sequenceCoverage="100" branchCoverage="100" isConstructor="false" isStatic="false" isGetter="false" isSetter="false">
              <Summary numSequencePoints="1" visitedSequencePoints="1" numBranchPoints="1" visitedBranchPoints="1" sequenceCoverage="100" branchCoverage="100" maxCyclomaticComplexity="1" minCyclomaticComplexity="1" />
              <MetadataToken>100663321</MetadataToken>
              <Name>System.Boolean RuleEngine.ConditionTree::IsTrue()</Name>
              <FileRef uid="3" />
              <SequencePoints>
                <SequencePoint vc="24" uspid="99" ordinal="0" offset="0" sl="19" sc="13" el="19" ec="39" bec="0" bev="0" fileid="3" />
              </SequencePoints>
              <BranchPoints />
              <MethodPoint xsi:type="SequencePoint" vc="24" uspid="99" ordinal="0" offset="0" sl="19" sc="13" el="19" ec="39" bec="0" bev="0" fileid="3" />
            </Method>
          </Methods>
        </Class>
        <Class>
          <Summary numSequencePoints="8" visitedSequencePoints="0" numBranchPoints="4" visitedBranchPoints="0" sequenceCoverage="0" branchCoverage="0" maxCyclomaticComplexity="1" minCyclomaticComplexity="1" />
          <FullName>RuleEngine.InconclusiveConditionException</FullName>
          <Methods>
            <Method visited="false" cyclomaticComplexity="1" sequenceCoverage="0" branchCoverage="0" isConstructor="true" isStatic="false" isGetter="false" isSetter="false">
              <Summary numSequencePoints="2" visitedSequencePoints="0" numBranchPoints="1" visitedBranchPoints="0" sequenceCoverage="0" branchCoverage="0" maxCyclomaticComplexity="1" minCyclomaticComplexity="1" />
              <MetadataToken>100663322</MetadataToken>
              <Name>System.Void RuleEngine.InconclusiveConditionException::.ctor()</Name>
              <FileRef uid="4" />
              <SequencePoints>
                <SequencePoint vc="0" uspid="100" ordinal="0" offset="0" sl="16" sc="9" el="17" ec="65" bec="0" bev="0" fileid="4" />
                <SequencePoint vc="0" uspid="101" ordinal="1" offset="11" sl="18" sc="11" el="18" ec="12" bec="0" bev="0" fileid="4" />
              </SequencePoints>
              <BranchPoints />
              <MethodPoint xsi:type="SequencePoint" vc="0" uspid="100" ordinal="0" offset="0" sl="16" sc="9" el="17" ec="65" bec="0" bev="0" fileid="4" />
            </Method>
            <Method visited="false" cyclomaticComplexity="1" sequenceCoverage="0" branchCoverage="0" isConstructor="true" isStatic="false" isGetter="false" isSetter="false">
              <Summary numSequencePoints="2" visitedSequencePoints="0" numBranchPoints="1" visitedBranchPoints="0" sequenceCoverage="0" branchCoverage="0" maxCyclomaticComplexity="1" minCyclomaticComplexity="1" />
              <MetadataToken>100663323</MetadataToken>
              <Name>System.Void RuleEngine.InconclusiveConditionException::.ctor(System.String)</Name>
              <FileRef uid="4" />
              <SequencePoints>
                <SequencePoint vc="0" uspid="102" ordinal="0" offset="0" sl="20" sc="9" el="21" ec="92" bec="0" bev="0" fileid="4" />
                <SequencePoint vc="0" uspid="103" ordinal="1" offset="17" sl="22" sc="11" el="22" ec="12" bec="0" bev="0" fileid="4" />
              </SequencePoints>
              <BranchPoints />
              <MethodPoint xsi:type="SequencePoint" vc="0" uspid="102" ordinal="0" offset="0" sl="20" sc="9" el="21" ec="92" bec="0" bev="0" fileid="4" />
            </Method>
            <Method visited="false" cyclomaticComplexity="1" sequenceCoverage="0" branchCoverage="0" isConstructor="true" isStatic="false" isGetter="false" isSetter="false">
              <Summary numSequencePoints="2" visitedSequencePoints="0" numBranchPoints="1" visitedBranchPoints="0" sequenceCoverage="0" branchCoverage="0" maxCyclomaticComplexity="1" minCyclomaticComplexity="1" />
              <MetadataToken>100663324</MetadataToken>
              <Name>System.Void RuleEngine.InconclusiveConditionException::.ctor(System.Exception)</Name>
              <FileRef uid="4" />
              <SequencePoints>
                <SequencePoint vc="0" uspid="104" ordinal="0" offset="0" sl="24" sc="9" el="25" ec="84" bec="0" bev="0" fileid="4" />
                <SequencePoint vc="0" uspid="105" ordinal="1" offset="12" sl="26" sc="11" el="26" ec="12" bec="0" bev="0" fileid="4" />
              </SequencePoints>
              <BranchPoints />
              <MethodPoint xsi:type="SequencePoint" vc="0" uspid="104" ordinal="0" offset="0" sl="24" sc="9" el="25" ec="84" bec="0" bev="0" fileid="4" />
            </Method>
            <Method visited="false" cyclomaticComplexity="1" sequenceCoverage="0" branchCoverage="0" isConstructor="true" isStatic="true" isGetter="false" isSetter="false">
              <Summary numSequencePoints="2" visitedSequencePoints="0" numBranchPoints="1" visitedBranchPoints="0" sequenceCoverage="0" branchCoverage="0" maxCyclomaticComplexity="1" minCyclomaticComplexity="1" />
              <MetadataToken>100663325</MetadataToken>
              <Name>System.Void RuleEngine.InconclusiveConditionException::.cctor()</Name>
              <FileRef uid="4" />
              <SequencePoints>
                <SequencePoint vc="0" uspid="106" ordinal="0" offset="0" sl="13" sc="9" el="13" ec="112" bec="0" bev="0" fileid="4" />
                <SequencePoint vc="0" uspid="107" ordinal="1" offset="10" sl="14" sc="9" el="14" ec="192" bec="0" bev="0" fileid="4" />
              </SequencePoints>
              <BranchPoints />
              <MethodPoint xsi:type="SequencePoint" vc="0" uspid="106" ordinal="0" offset="0" sl="13" sc="9" el="13" ec="112" bec="0" bev="0" fileid="4" />
            </Method>
          </Methods>
        </Class>
      </Classes>
    </Module>
  </Modules>
</CoverageSession>